Added Component: Designator=S1(SW 4PIN)
Add component. Clean all parameters for all variants
Add component (AddParameter): Name = "LatestRevisionDate"; Value = "17-Jul-2002"; VariantName = "[No Variations]"
Add component (AddParameter): Name = "LatestRevisionNote"; Value = "Re-released for DXP Platform."; VariantName = "[No Variations]"
Add component (AddParameter): Name = "PackageReference"; Value = "SPST-2"; VariantName = "[No Variations]"
Add component (AddParameter): Name = "Published"; Value = "24-Mar-1999"; VariantName = "[No Variations]"
Add component (AddParameter): Name = "Publisher"; Value = "Altium Limited"; VariantName = "[No Variations]"
Added Component: Designator=S2(SW 4PIN)
Add component. Clean all parameters for all variants
Add component (AddParameter): Name = "LatestRevisionDate"; Value = "17-Jul-2002"; VariantName = "[No Variations]"
Add component (AddParameter): Name = "LatestRevisionNote"; Value = "Re-released for DXP Platform."; VariantName = "[No Variations]"
Add component (AddParameter): Name = "PackageReference"; Value = "SPST-2"; VariantName = "[No Variations]"
Add component (AddParameter): Name = "Published"; Value = "24-Mar-1999"; VariantName = "[No Variations]"
Add component (AddParameter): Name = "Publisher"; Value = "Altium Limited"; VariantName = "[No Variations]"
Added Pin To Net: NetName=+5V Pin=S1-1
Added Pin To Net: NetName=+5V Pin=S1-1
Added Pin To Net: NetName=+5V Pin=S2-1
Added Pin To Net: NetName=+5V Pin=S2-1
Added Pin To Net: NetName=NetC16_1 Pin=C16-1
Added Pin To Net: NetName=NetC16_1 Pin=R19-2
Added Pin To Net: NetName=NetC16_1 Pin=S1-2
Added Pin To Net: NetName=NetC16_1 Pin=S1-2
Added Net: Name=NetC16_1
Added Pin To Net: NetName=NetC17_1 Pin=C17-1
Added Pin To Net: NetName=NetC17_1 Pin=R20-2
Added Pin To Net: NetName=NetC17_1 Pin=S2-2
Added Pin To Net: NetName=NetC17_1 Pin=S2-2
Added Net: Name=NetC17_1
Added Member To Class: ClassName=Sheet1 Member=Component S1 SWITCH
Added Member To Class: ClassName=Sheet1 Member=Component S2 SWITCH
