Added Component: Designator=C1(0805 CAP)
Add component. Clean all parameters for all variants
Add component (AddParameter): Name = "LatestRevisionDate"; Value = "17-Jul-2002"; VariantName = "[No Variations]"
Add component (AddParameter): Name = "LatestRevisionNote"; Value = "Re-released for DXP Platform."; VariantName = "[No Variations]"
Add component (AddParameter): Name = "PackageReference"; Value = "RAD-0.3"; VariantName = "[No Variations]"
Add component (AddParameter): Name = "Published"; Value = "8-Jun-2000"; VariantName = "[No Variations]"
Add component (AddParameter): Name = "Publisher"; Value = "Altium Limited"; VariantName = "[No Variations]"
Added Component: Designator=C2(0805 CAP)
Add component. Clean all parameters for all variants
Add component (AddParameter): Name = "LatestRevisionDate"; Value = "17-Jul-2002"; VariantName = "[No Variations]"
Add component (AddParameter): Name = "LatestRevisionNote"; Value = "Re-released for DXP Platform."; VariantName = "[No Variations]"
Add component (AddParameter): Name = "PackageReference"; Value = "RAD-0.3"; VariantName = "[No Variations]"
Add component (AddParameter): Name = "Published"; Value = "8-Jun-2000"; VariantName = "[No Variations]"
Add component (AddParameter): Name = "Publisher"; Value = "Altium Limited"; VariantName = "[No Variations]"
Added Component: Designator=C3(0805 CAP)
Add component. Clean all parameters for all variants
Add component (AddParameter): Name = "LatestRevisionDate"; Value = "17-Jul-2002"; VariantName = "[No Variations]"
Add component (AddParameter): Name = "LatestRevisionNote"; Value = "Re-released for DXP Platform."; VariantName = "[No Variations]"
Add component (AddParameter): Name = "PackageReference"; Value = "RAD-0.3"; VariantName = "[No Variations]"
Add component (AddParameter): Name = "Published"; Value = "8-Jun-2000"; VariantName = "[No Variations]"
Add component (AddParameter): Name = "Publisher"; Value = "Altium Limited"; VariantName = "[No Variations]"
Added Component: Designator=C4(0805 CAP)
Add component. Clean all parameters for all variants
Add component (AddParameter): Name = "LatestRevisionDate"; Value = "17-Jul-2002"; VariantName = "[No Variations]"
Add component (AddParameter): Name = "LatestRevisionNote"; Value = "Re-released for DXP Platform."; VariantName = "[No Variations]"
Add component (AddParameter): Name = "PackageReference"; Value = "RAD-0.3"; VariantName = "[No Variations]"
Add component (AddParameter): Name = "Published"; Value = "8-Jun-2000"; VariantName = "[No Variations]"
Add component (AddParameter): Name = "Publisher"; Value = "Altium Limited"; VariantName = "[No Variations]"
Added Component: Designator=C5(0805 CAP)
Add component. Clean all parameters for all variants
Add component (AddParameter): Name = "LatestRevisionDate"; Value = "17-Jul-2002"; VariantName = "[No Variations]"
Add component (AddParameter): Name = "LatestRevisionNote"; Value = "Re-released for DXP Platform."; VariantName = "[No Variations]"
Add component (AddParameter): Name = "PackageReference"; Value = "RAD-0.3"; VariantName = "[No Variations]"
Add component (AddParameter): Name = "Published"; Value = "8-Jun-2000"; VariantName = "[No Variations]"
Add component (AddParameter): Name = "Publisher"; Value = "Altium Limited"; VariantName = "[No Variations]"
Added Component: Designator=C6(0805 CAP)
Add component. Clean all parameters for all variants
Add component (AddParameter): Name = "LatestRevisionDate"; Value = "17-Jul-2002"; VariantName = "[No Variations]"
Add component (AddParameter): Name = "LatestRevisionNote"; Value = "Re-released for DXP Platform."; VariantName = "[No Variations]"
Add component (AddParameter): Name = "PackageReference"; Value = "RAD-0.3"; VariantName = "[No Variations]"
Add component (AddParameter): Name = "Published"; Value = "8-Jun-2000"; VariantName = "[No Variations]"
Add component (AddParameter): Name = "Publisher"; Value = "Altium Limited"; VariantName = "[No Variations]"
Added Component: Designator=C7(0805 CAP)
Add component. Clean all parameters for all variants
Add component (AddParameter): Name = "LatestRevisionDate"; Value = "17-Jul-2002"; VariantName = "[No Variations]"
Add component (AddParameter): Name = "LatestRevisionNote"; Value = "Re-released for DXP Platform."; VariantName = "[No Variations]"
Add component (AddParameter): Name = "PackageReference"; Value = "RAD-0.3"; VariantName = "[No Variations]"
Add component (AddParameter): Name = "Published"; Value = "8-Jun-2000"; VariantName = "[No Variations]"
Add component (AddParameter): Name = "Publisher"; Value = "Altium Limited"; VariantName = "[No Variations]"
Added Component: Designator=C8(CAP TANTALUM SMD7434)
Add component. Clean all parameters for all variants
Added Component: Designator=C9(0805 CAP)
Add component. Clean all parameters for all variants
Add component (AddParameter): Name = "LatestRevisionDate"; Value = "17-Jul-2002"; VariantName = "[No Variations]"
Add component (AddParameter): Name = "LatestRevisionNote"; Value = "Re-released for DXP Platform."; VariantName = "[No Variations]"
Add component (AddParameter): Name = "PackageReference"; Value = "RAD-0.3"; VariantName = "[No Variations]"
Add component (AddParameter): Name = "Published"; Value = "8-Jun-2000"; VariantName = "[No Variations]"
Add component (AddParameter): Name = "Publisher"; Value = "Altium Limited"; VariantName = "[No Variations]"
Added Component: Designator=C10(CAP TANTALUM SMD7434)
Add component. Clean all parameters for all variants
Added Component: Designator=C11(0805 CAP)
Add component. Clean all parameters for all variants
Add component (AddParameter): Name = "LatestRevisionDate"; Value = "17-Jul-2002"; VariantName = "[No Variations]"
Add component (AddParameter): Name = "LatestRevisionNote"; Value = "Re-released for DXP Platform."; VariantName = "[No Variations]"
Add component (AddParameter): Name = "PackageReference"; Value = "RAD-0.3"; VariantName = "[No Variations]"
Add component (AddParameter): Name = "Published"; Value = "8-Jun-2000"; VariantName = "[No Variations]"
Add component (AddParameter): Name = "Publisher"; Value = "Altium Limited"; VariantName = "[No Variations]"
Added Component: Designator=C12(0805 CAP)
Add component. Clean all parameters for all variants
Add component (AddParameter): Name = "LatestRevisionDate"; Value = "17-Jul-2002"; VariantName = "[No Variations]"
Add component (AddParameter): Name = "LatestRevisionNote"; Value = "Re-released for DXP Platform."; VariantName = "[No Variations]"
Add component (AddParameter): Name = "PackageReference"; Value = "RAD-0.3"; VariantName = "[No Variations]"
Add component (AddParameter): Name = "Published"; Value = "8-Jun-2000"; VariantName = "[No Variations]"
Add component (AddParameter): Name = "Publisher"; Value = "Altium Limited"; VariantName = "[No Variations]"
Added Component: Designator=C13(0805 CAP)
Add component. Clean all parameters for all variants
Add component (AddParameter): Name = "LatestRevisionDate"; Value = "17-Jul-2002"; VariantName = "[No Variations]"
Add component (AddParameter): Name = "LatestRevisionNote"; Value = "Re-released for DXP Platform."; VariantName = "[No Variations]"
Add component (AddParameter): Name = "PackageReference"; Value = "RAD-0.3"; VariantName = "[No Variations]"
Add component (AddParameter): Name = "Published"; Value = "8-Jun-2000"; VariantName = "[No Variations]"
Add component (AddParameter): Name = "Publisher"; Value = "Altium Limited"; VariantName = "[No Variations]"
Added Component: Designator=C14(0805 CAP)
Add component. Clean all parameters for all variants
Add component (AddParameter): Name = "LatestRevisionDate"; Value = "17-Jul-2002"; VariantName = "[No Variations]"
Add component (AddParameter): Name = "LatestRevisionNote"; Value = "Re-released for DXP Platform."; VariantName = "[No Variations]"
Add component (AddParameter): Name = "PackageReference"; Value = "RAD-0.3"; VariantName = "[No Variations]"
Add component (AddParameter): Name = "Published"; Value = "8-Jun-2000"; VariantName = "[No Variations]"
Add component (AddParameter): Name = "Publisher"; Value = "Altium Limited"; VariantName = "[No Variations]"
Added Component: Designator=C15(0805 CAP)
Add component. Clean all parameters for all variants
Add component (AddParameter): Name = "LatestRevisionDate"; Value = "17-Jul-2002"; VariantName = "[No Variations]"
Add component (AddParameter): Name = "LatestRevisionNote"; Value = "Re-released for DXP Platform."; VariantName = "[No Variations]"
Add component (AddParameter): Name = "PackageReference"; Value = "RAD-0.3"; VariantName = "[No Variations]"
Add component (AddParameter): Name = "Published"; Value = "8-Jun-2000"; VariantName = "[No Variations]"
Add component (AddParameter): Name = "Publisher"; Value = "Altium Limited"; VariantName = "[No Variations]"
Added Component: Designator=C16(0805 CAP)
Add component. Clean all parameters for all variants
Add component (AddParameter): Name = "LatestRevisionDate"; Value = "17-Jul-2002"; VariantName = "[No Variations]"
Add component (AddParameter): Name = "LatestRevisionNote"; Value = "Re-released for DXP Platform."; VariantName = "[No Variations]"
Add component (AddParameter): Name = "PackageReference"; Value = "RAD-0.3"; VariantName = "[No Variations]"
Add component (AddParameter): Name = "Published"; Value = "8-Jun-2000"; VariantName = "[No Variations]"
Add component (AddParameter): Name = "Publisher"; Value = "Altium Limited"; VariantName = "[No Variations]"
Added Component: Designator=C17(0805 CAP)
Add component. Clean all parameters for all variants
Add component (AddParameter): Name = "LatestRevisionDate"; Value = "17-Jul-2002"; VariantName = "[No Variations]"
Add component (AddParameter): Name = "LatestRevisionNote"; Value = "Re-released for DXP Platform."; VariantName = "[No Variations]"
Add component (AddParameter): Name = "PackageReference"; Value = "RAD-0.3"; VariantName = "[No Variations]"
Add component (AddParameter): Name = "Published"; Value = "8-Jun-2000"; VariantName = "[No Variations]"
Add component (AddParameter): Name = "Publisher"; Value = "Altium Limited"; VariantName = "[No Variations]"
Added Component: Designator=D1(LED SMD 0805)
Add component. Clean all parameters for all variants
Added Component: Designator=D2(LED SMD 0805)
Add component. Clean all parameters for all variants
Added Component: Designator=D3(DIODE SMA)
Add component. Clean all parameters for all variants
Added Component: Designator=D4(DIODE SMA)
Add component. Clean all parameters for all variants
Added Component: Designator=D5(DIODE SMA)
Add component. Clean all parameters for all variants
Added Component: Designator=JACK1(JACK DC)
Add component. Clean all parameters for all variants
Add component (AddParameter): Name = "Value"; Value = "Jac DC"; VariantName = "[No Variations]"
Added Component: Designator=P1(HDR1X3)
Add component. Clean all parameters for all variants
Add component (AddParameter): Name = "LatestRevisionDate"; Value = "17-Jul-2002"; VariantName = "[No Variations]"
Add component (AddParameter): Name = "LatestRevisionNote"; Value = "Re-released for DXP Platform."; VariantName = "[No Variations]"
Add component (AddParameter): Name = "Publisher"; Value = "Altium Limited"; VariantName = "[No Variations]"
Added Component: Designator=P2(HDR1X3)
Add component. Clean all parameters for all variants
Add component (AddParameter): Name = "LatestRevisionDate"; Value = "17-Jul-2002"; VariantName = "[No Variations]"
Add component (AddParameter): Name = "LatestRevisionNote"; Value = "Re-released for DXP Platform."; VariantName = "[No Variations]"
Add component (AddParameter): Name = "Publisher"; Value = "Altium Limited"; VariantName = "[No Variations]"
Added Component: Designator=P3(HDR1X3)
Add component. Clean all parameters for all variants
Add component (AddParameter): Name = "LatestRevisionDate"; Value = "17-Jul-2002"; VariantName = "[No Variations]"
Add component (AddParameter): Name = "LatestRevisionNote"; Value = "Re-released for DXP Platform."; VariantName = "[No Variations]"
Add component (AddParameter): Name = "Publisher"; Value = "Altium Limited"; VariantName = "[No Variations]"
Added Component: Designator=P4(HDR1X3)
Add component. Clean all parameters for all variants
Add component (AddParameter): Name = "LatestRevisionDate"; Value = "17-Jul-2002"; VariantName = "[No Variations]"
Add component (AddParameter): Name = "LatestRevisionNote"; Value = "Re-released for DXP Platform."; VariantName = "[No Variations]"
Add component (AddParameter): Name = "Publisher"; Value = "Altium Limited"; VariantName = "[No Variations]"
Added Component: Designator=P5(HDR2X3)
Add component. Clean all parameters for all variants
Add component (AddParameter): Name = "LatestRevisionDate"; Value = "17-Jul-2002"; VariantName = "[No Variations]"
Add component (AddParameter): Name = "LatestRevisionNote"; Value = "Re-released for DXP Platform."; VariantName = "[No Variations]"
Add component (AddParameter): Name = "Publisher"; Value = "Altium Limited"; VariantName = "[No Variations]"
Added Component: Designator=P6(HDR1X3)
Add component. Clean all parameters for all variants
Add component (AddParameter): Name = "LatestRevisionDate"; Value = "17-Jul-2002"; VariantName = "[No Variations]"
Add component (AddParameter): Name = "LatestRevisionNote"; Value = "Re-released for DXP Platform."; VariantName = "[No Variations]"
Add component (AddParameter): Name = "Publisher"; Value = "Altium Limited"; VariantName = "[No Variations]"
Added Component: Designator=P7(HDR1X2)
Add component. Clean all parameters for all variants
Add component (AddParameter): Name = "LatestRevisionDate"; Value = "17-Jul-2002"; VariantName = "[No Variations]"
Add component (AddParameter): Name = "LatestRevisionNote"; Value = "Re-released for DXP Platform."; VariantName = "[No Variations]"
Add component (AddParameter): Name = "Publisher"; Value = "Altium Limited"; VariantName = "[No Variations]"
Added Component: Designator=P8(HDR1X2)
Add component. Clean all parameters for all variants
Add component (AddParameter): Name = "LatestRevisionDate"; Value = "17-Jul-2002"; VariantName = "[No Variations]"
Add component (AddParameter): Name = "LatestRevisionNote"; Value = "Re-released for DXP Platform."; VariantName = "[No Variations]"
Add component (AddParameter): Name = "Publisher"; Value = "Altium Limited"; VariantName = "[No Variations]"
Added Component: Designator=P9(HDR1X2)
Add component. Clean all parameters for all variants
Add component (AddParameter): Name = "LatestRevisionDate"; Value = "17-Jul-2002"; VariantName = "[No Variations]"
Add component (AddParameter): Name = "LatestRevisionNote"; Value = "Re-released for DXP Platform."; VariantName = "[No Variations]"
Add component (AddParameter): Name = "Publisher"; Value = "Altium Limited"; VariantName = "[No Variations]"
Added Component: Designator=Q1(QTO-220)
Add component. Clean all parameters for all variants
Add component (AddParameter): Name = ""; Value = "H1061"; VariantName = "[No Variations]"
Add component (AddParameter): Name = "Value"; Value = "TIP41C"; VariantName = "[No Variations]"
Added Component: Designator=Q2(QTO-220)
Add component. Clean all parameters for all variants
Add component (AddParameter): Name = ""; Value = "H1061"; VariantName = "[No Variations]"
Add component (AddParameter): Name = "Value"; Value = "TIP41C"; VariantName = "[No Variations]"
Added Component: Designator=Q3(QTO-220)
Add component. Clean all parameters for all variants
Add component (AddParameter): Name = ""; Value = "H1061"; VariantName = "[No Variations]"
Add component (AddParameter): Name = "Value"; Value = "TIP41C"; VariantName = "[No Variations]"
Added Component: Designator=R1(0805 RESISTOR)
Add component. Clean all parameters for all variants
Add component (AddParameter): Name = "Value"; Value = "R1/4W - 1K"; VariantName = "[No Variations]"
Added Component: Designator=R2(0805 RESISTOR)
Add component. Clean all parameters for all variants
Add component (AddParameter): Name = "Value"; Value = "R1/4W - 1K"; VariantName = "[No Variations]"
Added Component: Designator=R3(0805 RESISTOR)
Add component. Clean all parameters for all variants
Add component (AddParameter): Name = "Value"; Value = "R1/4W - 1K"; VariantName = "[No Variations]"
Added Component: Designator=R4(0805 RESISTOR)
Add component. Clean all parameters for all variants
Add component (AddParameter): Name = "Value"; Value = "R1/4W - 1K"; VariantName = "[No Variations]"
Added Component: Designator=R5(0805 RESISTOR)
Add component. Clean all parameters for all variants
Add component (AddParameter): Name = "Value"; Value = "R1/4W - 1K"; VariantName = "[No Variations]"
Added Component: Designator=R6(0805 RESISTOR)
Add component. Clean all parameters for all variants
Add component (AddParameter): Name = "Value"; Value = "R1/4W - 1K"; VariantName = "[No Variations]"
Added Component: Designator=R7(0805 RESISTOR)
Add component. Clean all parameters for all variants
Add component (AddParameter): Name = "Value"; Value = "R1/4W - 1K"; VariantName = "[No Variations]"
Added Component: Designator=R8(0805 RESISTOR)
Add component. Clean all parameters for all variants
Add component (AddParameter): Name = "Value"; Value = "R1/4W - 1K"; VariantName = "[No Variations]"
Added Component: Designator=R9(0805 RESISTOR)
Add component. Clean all parameters for all variants
Add component (AddParameter): Name = "Value"; Value = "R1/4W - 1K"; VariantName = "[No Variations]"
Added Component: Designator=R10(0805 RESISTOR)
Add component. Clean all parameters for all variants
Add component (AddParameter): Name = "Value"; Value = "R1/4W - 1K"; VariantName = "[No Variations]"
Added Component: Designator=R11(0805 RESISTOR)
Add component. Clean all parameters for all variants
Add component (AddParameter): Name = "Value"; Value = "R1/4W - 1K"; VariantName = "[No Variations]"
Added Component: Designator=R12(0805 RESISTOR)
Add component. Clean all parameters for all variants
Add component (AddParameter): Name = "Value"; Value = "R1/4W - 1K"; VariantName = "[No Variations]"
Added Component: Designator=R13(0805 RESISTOR)
Add component. Clean all parameters for all variants
Add component (AddParameter): Name = "Value"; Value = "R1/4W - 1K"; VariantName = "[No Variations]"
Added Component: Designator=R14(0805 RESISTOR)
Add component. Clean all parameters for all variants
Add component (AddParameter): Name = "Value"; Value = "R1/4W - 1K"; VariantName = "[No Variations]"
Added Component: Designator=R15(0805 RESISTOR)
Add component. Clean all parameters for all variants
Add component (AddParameter): Name = "Value"; Value = "R1/4W - 1K"; VariantName = "[No Variations]"
Added Component: Designator=R16(0805 RESISTOR)
Add component. Clean all parameters for all variants
Add component (AddParameter): Name = "Value"; Value = "R1/4W - 1K"; VariantName = "[No Variations]"
Added Component: Designator=R17(0805 RESISTOR)
Add component. Clean all parameters for all variants
Add component (AddParameter): Name = "Value"; Value = "R1/4W - 1K"; VariantName = "[No Variations]"
Added Component: Designator=R18(0805 RESISTOR)
Add component. Clean all parameters for all variants
Add component (AddParameter): Name = "Value"; Value = "R1/4W - 1K"; VariantName = "[No Variations]"
Added Component: Designator=R19(0805 RESISTOR)
Add component. Clean all parameters for all variants
Add component (AddParameter): Name = "Value"; Value = "R1/4W - 1K"; VariantName = "[No Variations]"
Added Component: Designator=R20(0805 RESISTOR)
Add component. Clean all parameters for all variants
Add component (AddParameter): Name = "Value"; Value = "R1/4W - 1K"; VariantName = "[No Variations]"
Added Component: Designator=U1(DIP 8)
Add component. Clean all parameters for all variants
Added Component: Designator=U2(DIP 8)
Add component. Clean all parameters for all variants
Added Component: Designator=U3(DIP 8)
Add component. Clean all parameters for all variants
Add component (AddParameter): Name = "Availability"; Value = "Unavailable"; VariantName = "[No Variations]"
Add component (AddParameter): Name = "MF"; Value = "Renesas Electronics"; VariantName = "[No Variations]"
Add component (AddParameter): Name = "MP"; Value = "ICL7660SIBAZ"; VariantName = "[No Variations]"
Add component (AddParameter): Name = "Package"; Value = "SOIC-8 Intersil"; VariantName = "[No Variations]"
Add component (AddParameter): Name = "Price"; Value = "None"; VariantName = "[No Variations]"
Add component (AddParameter): Name = "SnapEDA_Link"; Value = "https://www.snapeda.com/parts/ICL7660SIBAZ/Renesas%20Electronics%20America%20Inc./view-part/?ref=snap"; VariantName = "[No Variations]"
Add component (AddParameter): Name = "Value"; Value = ""; VariantName = "[No Variations]"
Added Component: Designator=U4(DIP 8)
Add component. Clean all parameters for all variants
Added Component: Designator=U5(DIP 8)
Add component. Clean all parameters for all variants
Added Component: Designator=U6(DIP 6)
Add component. Clean all parameters for all variants
Added Component: Designator=U7(DIP 8)
Add component. Clean all parameters for all variants
Added Component: Designator=VR1(RVAR)
Add component. Clean all parameters for all variants
Add component (AddParameter): Name = "Value"; Value = "VR 10K"; VariantName = "[No Variations]"
Added Pin To Net: NetName=ADC0 Pin=C1-2
Added Pin To Net: NetName=GND Pin=C2-2
Added Pin To Net: NetName=GND Pin=C3-2
Added Pin To Net: NetName=ADC0 Pin=C4-1
Added Pin To Net: NetName=NetC5_2 Pin=C5-2
Added Pin To Net: NetName=-5V Pin=C6-1
Added Pin To Net: NetName=GND Pin=C6-2
Added Pin To Net: NetName=-5V Pin=C7-1
Added Pin To Net: NetName=GND Pin=C7-2
Added Pin To Net: NetName=GND Pin=C9-2
Added Pin To Net: NetName=GND Pin=C10-1
Added Pin To Net: NetName=-5V Pin=C10-2
Added Pin To Net: NetName=GND Pin=C11-2
Added Pin To Net: NetName=GND Pin=C12-2
Added Pin To Net: NetName=GND Pin=C13-2
Added Pin To Net: NetName=-5V Pin=C14-1
Added Pin To Net: NetName=GND Pin=C14-2
Added Pin To Net: NetName=-5V Pin=C15-1
Added Pin To Net: NetName=GND Pin=C15-2
Added Pin To Net: NetName=NetBT1_2 Pin=C16-1
Added Pin To Net: NetName=NetD1_2 Pin=D1-2
Added Pin To Net: NetName=GND Pin=D2-1
Added Pin To Net: NetName=NetD2_2 Pin=D2-2
Added Pin To Net: NetName=GND Pin=D3-1
Added Pin To Net: NetName=NetD3_2 Pin=D3-2
Added Pin To Net: NetName=GND Pin=D4-1
Added Pin To Net: NetName=NetD4_2 Pin=D4-2
Added Pin To Net: NetName=GND Pin=JACK1-2
Added Pin To Net: NetName=GND Pin=JACK1-3
Added Pin To Net: NetName=GND Pin=P1-1
Added Pin To Net: NetName=Sensor_Pressure_Out Pin=P1-3
Added Pin To Net: NetName=V0 Pin=P2-1
Added Pin To Net: NetName=GND Pin=P2-3
Added Pin To Net: NetName=GND Pin=P3-2
Added Pin To Net: NetName=-5V Pin=P3-3
Added Pin To Net: NetName=ADC0 Pin=P4-1
Added Pin To Net: NetName=ADC1 Pin=P4-2
Added Pin To Net: NetName=GND Pin=P4-3
Added Pin To Net: NetName=GND Pin=P5-3
Added Pin To Net: NetName=GND Pin=P5-4
Added Pin To Net: NetName=Sensor_Pressure_Out Pin=P6-1
Added Pin To Net: NetName=GND Pin=P6-3
Added Pin To Net: NetName=5V Pin=P7-1
Added Pin To Net: NetName=NetD3_2 Pin=P7-2
Added Pin To Net: NetName=NetD4_2 Pin=P8-2
Added Pin To Net: NetName=5V Pin=P9-1
Added Pin To Net: NetName=NetQ1_1 Pin=Q1-1
Added Pin To Net: NetName=GND Pin=Q1-3
Added Pin To Net: NetName=NetQ2_1 Pin=Q2-1
Added Pin To Net: NetName=NetD3_2 Pin=Q2-2
Added Pin To Net: NetName=GND Pin=Q2-3
Added Pin To Net: NetName=NetD4_2 Pin=Q3-2
Added Pin To Net: NetName=GND Pin=Q3-3
Added Pin To Net: NetName=NetD1_2 Pin=R1-1
Added Pin To Net: NetName=GND Pin=R1-2
Added Pin To Net: NetName=NetD2_2 Pin=R3-1
Added Pin To Net: NetName=-5V Pin=R3-2
Added Pin To Net: NetName=GND Pin=R5-1
Added Pin To Net: NetName=NetC5_2 Pin=R5-2
Added Pin To Net: NetName=NetR6_1 Pin=R6-1
Added Pin To Net: NetName=ADC0 Pin=R6-2
Added Pin To Net: NetName=NetR7_1 Pin=R7-1
Added Pin To Net: NetName=GND Pin=R8-1
Added Pin To Net: NetName=NetR6_1 Pin=R8-2
Added Pin To Net: NetName=GND Pin=R9-1
Added Pin To Net: NetName=NetR7_1 Pin=R9-2
Added Pin To Net: NetName=V0 Pin=R10-1
Added Pin To Net: NetName=NetR10_2 Pin=R10-2
Added Pin To Net: NetName=V1 Pin=R11-1
Added Pin To Net: NetName=NetR10_2 Pin=R11-2
Added Pin To Net: NetName=GND Pin=R12-1
Added Pin To Net: NetName=NetR12_2 Pin=R12-2
Added Pin To Net: NetName=NetR12_2 Pin=R13-1
Added Pin To Net: NetName=ADC1 Pin=R13-2
Added Pin To Net: NetName=GND Pin=R15-1
Added Pin To Net: NetName=NetR15_2 Pin=R15-2
Added Pin To Net: NetName=NetQ1_1 Pin=R16-1
Added Pin To Net: NetName=PWM1 Pin=R16-2
Added Pin To Net: NetName=NetQ2_1 Pin=R17-1
Added Pin To Net: NetName=PWM2 Pin=R17-2
Added Pin To Net: NetName=PWM2 Pin=R18-2
Added Pin To Net: NetName=GND Pin=R19-1
Added Pin To Net: NetName=NetBT1_2 Pin=R19-2
Added Pin To Net: NetName=GND Pin=R20-1
Added Pin To Net: NetName=NetR6_1 Pin=U1-2
Added Pin To Net: NetName=-5V Pin=U1-4
Added Pin To Net: NetName=ADC0 Pin=U1-6
Added Pin To Net: NetName=NetR7_1 Pin=U2-2
Added Pin To Net: NetName=NetC5_2 Pin=U2-3
Added Pin To Net: NetName=-5V Pin=U2-4
Added Pin To Net: NetName=GND Pin=U3-3
Added Pin To Net: NetName=-5V Pin=U3-5
Added Pin To Net: NetName=NetR12_2 Pin=U4-2
Added Pin To Net: NetName=NetR10_2 Pin=U4-3
Added Pin To Net: NetName=-5V Pin=U4-4
Added Pin To Net: NetName=ADC1 Pin=U4-6
Added Pin To Net: NetName=V1 Pin=U5-2
Added Pin To Net: NetName=NetR15_2 Pin=U5-3
Added Pin To Net: NetName=-5V Pin=U5-4
Added Pin To Net: NetName=V1 Pin=U5-6
Added Pin To Net: NetName=GND Pin=U6-5
Added Pin To Net: NetName=NetU7_1 Pin=U7-1
Added Pin To Net: NetName=-5V Pin=U7-4
Added Pin To Net: NetName=GND Pin=U7-5
Added Pin To Net: NetName=NetU7_8 Pin=U7-8
Added Pin To Net: NetName=NetU7_1 Pin=VR1-1
Added Pin To Net: NetName=NetU7_1 Pin=VR1-2
Added Pin To Net: NetName=NetU7_8 Pin=VR1-3
Added Pin To Net: NetName=+5V Pin=C2-1
Added Pin To Net: NetName=+5V Pin=C3-1
Added Pin To Net: NetName=+5V Pin=C11-1
Added Pin To Net: NetName=+5V Pin=C12-1
Added Pin To Net: NetName=+5V Pin=C13-1
Added Pin To Net: NetName=+5V Pin=C16-2
Added Pin To Net: NetName=+5V Pin=C17-2
Added Pin To Net: NetName=+5V Pin=D1-1
Added Pin To Net: NetName=+5V Pin=JACK1-1
Added Pin To Net: NetName=+5V Pin=P3-1
Added Pin To Net: NetName=+5V Pin=R14-2
Added Pin To Net: NetName=+5V Pin=U1-7
Added Pin To Net: NetName=+5V Pin=U2-7
Added Pin To Net: NetName=+5V Pin=U3-8
Added Pin To Net: NetName=+5V Pin=U4-7
Added Pin To Net: NetName=+5V Pin=U5-7
Added Pin To Net: NetName=+5V Pin=U6-2
Added Pin To Net: NetName=+5V Pin=U7-7
Added Net: Name=+5V
Added Pin To Net: NetName=NetBT2_2 Pin=C17-1
Added Pin To Net: NetName=NetBT2_2 Pin=R20-2
Added Net: Name=NetBT2_2
Added Pin To Net: NetName=NetC1_1 Pin=C1-1
Added Pin To Net: NetName=NetC1_1 Pin=P1-2
Added Pin To Net: NetName=NetC1_1 Pin=R4-1
Added Net: Name=NetC1_1
Added Pin To Net: NetName=NetC4_2 Pin=C4-2
Added Pin To Net: NetName=NetC4_2 Pin=C5-1
Added Pin To Net: NetName=NetC4_2 Pin=R2-1
Added Net: Name=NetC4_2
Added Pin To Net: NetName=NetC8_1 Pin=C8-1
Added Pin To Net: NetName=NetC8_1 Pin=U3-2
Added Net: Name=NetC8_1
Added Pin To Net: NetName=NetC8_2 Pin=C8-2
Added Pin To Net: NetName=NetC8_2 Pin=U3-4
Added Net: Name=NetC8_2
Added Pin To Net: NetName=NetC9_1 Pin=C9-1
Added Pin To Net: NetName=NetC9_1 Pin=R4-2
Added Pin To Net: NetName=NetC9_1 Pin=U1-3
Added Net: Name=NetC9_1
Added Pin To Net: NetName=NetD5_2 Pin=D5-2
Added Pin To Net: NetName=NetD5_2 Pin=P9-2
Added Pin To Net: NetName=NetD5_2 Pin=Q1-2
Added Net: Name=NetD5_2
Added Pin To Net: NetName=NetP2_2 Pin=P2-2
Added Pin To Net: NetName=NetP2_2 Pin=R2-2
Added Pin To Net: NetName=NetP2_2 Pin=R7-2
Added Pin To Net: NetName=NetP2_2 Pin=U2-6
Added Net: Name=NetP2_2
Added Pin To Net: NetName=NetP5_1 Pin=P5-1
Added Pin To Net: NetName=NetP5_1 Pin=U6-3
Added Net: Name=NetP5_1
Added Pin To Net: NetName=NetP5_2 Pin=P5-2
Added Pin To Net: NetName=NetP5_2 Pin=U7-3
Added Net: Name=NetP5_2
Added Pin To Net: NetName=NetP5_5 Pin=P5-5
Added Pin To Net: NetName=NetP5_5 Pin=U6-1
Added Pin To Net: NetName=NetP5_5 Pin=U6-6
Added Net: Name=NetP5_5
Added Pin To Net: NetName=NetP5_6 Pin=P5-6
Added Pin To Net: NetName=NetP5_6 Pin=U7-2
Added Net: Name=NetP5_6
Added Pin To Net: NetName=NetP6_2 Pin=P6-2
Added Pin To Net: NetName=NetP6_2 Pin=U7-6
Added Net: Name=NetP6_2
Added Pin To Net: NetName=NetQ3_1 Pin=Q3-1
Added Pin To Net: NetName=NetQ3_1 Pin=R18-1
Added Net: Name=NetQ3_1
Added Member To Class: ClassName=Sheet1 Member=Component C1 1uF
Added Member To Class: ClassName=Sheet1 Member=Component C2 104
Added Member To Class: ClassName=Sheet1 Member=Component C3 104
Added Member To Class: ClassName=Sheet1 Member=Component C4 10uF
Added Member To Class: ClassName=Sheet1 Member=Component C5 10uF
Added Member To Class: ClassName=Sheet1 Member=Component C6 104
Added Member To Class: ClassName=Sheet1 Member=Component C7 104
Added Member To Class: ClassName=Sheet1 Member=Component C8 10uF
Added Member To Class: ClassName=Sheet1 Member=Component C9 1uF
Added Member To Class: ClassName=Sheet1 Member=Component C10 10uF
Added Member To Class: ClassName=Sheet1 Member=Component C11 104
Added Member To Class: ClassName=Sheet1 Member=Component C12 104
Added Member To Class: ClassName=Sheet1 Member=Component C13 104
Added Member To Class: ClassName=Sheet1 Member=Component C14 104
Added Member To Class: ClassName=Sheet1 Member=Component C15 104
Added Member To Class: ClassName=Sheet1 Member=Component C16 104
Added Member To Class: ClassName=Sheet1 Member=Component C17 104
Added Member To Class: ClassName=Sheet1 Member=Component D1 LED
Added Member To Class: ClassName=Sheet1 Member=Component D2 LED
Added Member To Class: ClassName=Sheet1 Member=Component D3 DIODE
Added Member To Class: ClassName=Sheet1 Member=Component D4 DIODE
Added Member To Class: ClassName=Sheet1 Member=Component D5 DIODE
Added Member To Class: ClassName=Sheet1 Member=Component JACK1 JACK DC
Added Member To Class: ClassName=Sheet1 Member=Component P1 Header 3H
Added Member To Class: ClassName=Sheet1 Member=Component P2 Header 3H
Added Member To Class: ClassName=Sheet1 Member=Component P3 Header 3H
Added Member To Class: ClassName=Sheet1 Member=Component P4 Header 3H
Added Member To Class: ClassName=Sheet1 Member=Component P5 Header 3X2
Added Member To Class: ClassName=Sheet1 Member=Component P6 Header 3H
Added Member To Class: ClassName=Sheet1 Member=Component P7 Valve
Added Member To Class: ClassName=Sheet1 Member=Component P8 Valve
Added Member To Class: ClassName=Sheet1 Member=Component P9 Pump
Added Member To Class: ClassName=Sheet1 Member=Component Q1 TIP41C
Added Member To Class: ClassName=Sheet1 Member=Component Q2 TIP41C
Added Member To Class: ClassName=Sheet1 Member=Component Q3 TIP41C
Added Member To Class: ClassName=Sheet1 Member=Component R1 10k
Added Member To Class: ClassName=Sheet1 Member=Component R2 33k
Added Member To Class: ClassName=Sheet1 Member=Component R3 10k
Added Member To Class: ClassName=Sheet1 Member=Component R4 33k
Added Member To Class: ClassName=Sheet1 Member=Component R5 33K
Added Member To Class: ClassName=Sheet1 Member=Component R6 5.6k
Added Member To Class: ClassName=Sheet1 Member=Component R7 5.6k
Added Member To Class: ClassName=Sheet1 Member=Component R8 10k
Added Member To Class: ClassName=Sheet1 Member=Component R9 10k
Added Member To Class: ClassName=Sheet1 Member=Component R10 10k
Added Member To Class: ClassName=Sheet1 Member=Component R11 10k
Added Member To Class: ClassName=Sheet1 Member=Component R12 10k
Added Member To Class: ClassName=Sheet1 Member=Component R13 10k
Added Member To Class: ClassName=Sheet1 Member=Component R14 10k
Added Member To Class: ClassName=Sheet1 Member=Component R15 2.2k
Added Member To Class: ClassName=Sheet1 Member=Component R16 10k
Added Member To Class: ClassName=Sheet1 Member=Component R17 10k
Added Member To Class: ClassName=Sheet1 Member=Component R18 10k
Added Member To Class: ClassName=Sheet1 Member=Component R19 10k
Added Member To Class: ClassName=Sheet1 Member=Component R20 10k
Added Member To Class: ClassName=Sheet1 Member=Component U1 LM741
Added Member To Class: ClassName=Sheet1 Member=Component U2 LM741
Added Member To Class: ClassName=Sheet1 Member=Component U3 ICL7660
Added Member To Class: ClassName=Sheet1 Member=Component U4 LM741
Added Member To Class: ClassName=Sheet1 Member=Component U5 LM741
Added Member To Class: ClassName=Sheet1 Member=Component U6 MPS20N0040D
Added Member To Class: ClassName=Sheet1 Member=Component U7 INA-129
Added Member To Class: ClassName=Sheet1 Member=Component VR1 10K
Added Room: Name=Sheet1
