Added Component: Designator=D13(LED SMD 0805)
Add component. Clean all parameters for all variants
Added Component: Designator=D14(LED SMD 0805)
Add component. Clean all parameters for all variants
Added Component: Designator=D15(LED SMD 0805)
Add component. Clean all parameters for all variants
Added Component: Designator=D16(LED SMD 0805)
Add component. Clean all parameters for all variants
Added Component: Designator=R71(0805 RESISTOR)
Add component. Clean all parameters for all variants
Add component (AddParameter): Name = "Value"; Value = "R1/4W - 1K"; VariantName = "[No Variations]"
Added Component: Designator=R72(0805 RESISTOR)
Add component. Clean all parameters for all variants
Add component (AddParameter): Name = "Value"; Value = "R1/4W - 1K"; VariantName = "[No Variations]"
Added Component: Designator=R73(0805 RESISTOR)
Add component. Clean all parameters for all variants
Add component (AddParameter): Name = "Value"; Value = "R1/4W - 1K"; VariantName = "[No Variations]"
Added Component: Designator=R74(0805 RESISTOR)
Add component. Clean all parameters for all variants
Add component (AddParameter): Name = "Value"; Value = "R1/4W - 1K"; VariantName = "[No Variations]"
Added Pin To Net: NetName=GND Pin=D13-1
Added Pin To Net: NetName=GND Pin=D14-1
Added Pin To Net: NetName=GND Pin=D15-1
Added Pin To Net: NetName=GND Pin=D16-1
Added Pin To Net: NetName=PD15 Pin=R71-2
Added Pin To Net: NetName=PD14 Pin=R72-2
Added Pin To Net: NetName=PD13 Pin=R73-2
Added Pin To Net: NetName=PD12 Pin=R74-2
Added Pin To Net: NetName=NetD13_2 Pin=D13-2
Added Pin To Net: NetName=NetD13_2 Pin=R71-1
Added Net: Name=NetD13_2
Added Pin To Net: NetName=NetD14_2 Pin=D14-2
Added Pin To Net: NetName=NetD14_2 Pin=R72-1
Added Net: Name=NetD14_2
Added Pin To Net: NetName=NetD15_2 Pin=D15-2
Added Pin To Net: NetName=NetD15_2 Pin=R73-1
Added Net: Name=NetD15_2
Added Pin To Net: NetName=NetD16_2 Pin=D16-2
Added Pin To Net: NetName=NetD16_2 Pin=R74-1
Added Net: Name=NetD16_2
Added Member To Class: ClassName=Sheet2 Member=Component D13 LED
Added Member To Class: ClassName=Sheet2 Member=Component D14 LED
Added Member To Class: ClassName=Sheet2 Member=Component D15 LED
Added Member To Class: ClassName=Sheet2 Member=Component D16 LED
Added Member To Class: ClassName=Sheet2 Member=Component R71 10k
Added Member To Class: ClassName=Sheet2 Member=Component R72 10k
Added Member To Class: ClassName=Sheet2 Member=Component R73 10k
Added Member To Class: ClassName=Sheet2 Member=Component R74 10k
Added Room: Name=Sheet1
Added Room: Name=Sheet2
Added Room: Name=Sheet3
