Removed Pin From Net: NetName=+3V Pin=C4-1
Removed Pin From Net: NetName=+3V Pin=D9-1
Removed Pin From Net: NetName=+3V Pin=D12-1
Removed Pin From Net: NetName=+3V Pin=LCD1-8
Removed Pin From Net: NetName=+3V Pin=P15-3
Removed Pin From Net: NetName=+3V Pin=P15-4
Removed Pin From Net: NetName=+3V Pin=R10-1
Removed Pin From Net: NetName=+3V Pin=U2-2
Removed Pin From Net: NetName=+3V Pin=U2-4
Added Component: Designator=jump1(HDR1X2)
Add component. Clean all parameters for all variants
Add component (AddParameter): Name = "LatestRevisionDate"; Value = "17-Jul-2002"; VariantName = "[No Variations]"
Add component (AddParameter): Name = "LatestRevisionNote"; Value = "Re-released for DXP Platform."; VariantName = "[No Variations]"
Add component (AddParameter): Name = "Publisher"; Value = "Altium Limited"; VariantName = "[No Variations]"
Added Component: Designator=jump2(HDR1X2)
Add component. Clean all parameters for all variants
Add component (AddParameter): Name = "LatestRevisionDate"; Value = "17-Jul-2002"; VariantName = "[No Variations]"
Add component (AddParameter): Name = "LatestRevisionNote"; Value = "Re-released for DXP Platform."; VariantName = "[No Variations]"
Add component (AddParameter): Name = "Publisher"; Value = "Altium Limited"; VariantName = "[No Variations]"
Added Pin To Net: NetName=+3V Pin=jump2-1
Change Net Name : Old Net Name=+3V New Net Name=VDD0
Added Pin To Net: NetName=+3.3V Pin=jump1-1
Added Pin To Net: NetName=+3.3V Pin=P4-7
Added Pin To Net: NetName=+3.3V Pin=P4-8
Added Pin To Net: NetName=+3.3V Pin=P14-2
Added Net: Name=+3.3V
Added Pin To Net: NetName=+3V Pin=C4-1
Added Pin To Net: NetName=+3V Pin=D9-1
Added Pin To Net: NetName=+3V Pin=D12-1
Added Pin To Net: NetName=+3V Pin=jump1-2
Added Pin To Net: NetName=+3V Pin=jump2-2
Added Pin To Net: NetName=+3V Pin=LCD1-8
Added Pin To Net: NetName=+3V Pin=P15-3
Added Pin To Net: NetName=+3V Pin=P15-4
Added Pin To Net: NetName=+3V Pin=R10-1
Added Pin To Net: NetName=+3V Pin=U2-2
Added Pin To Net: NetName=+3V Pin=U2-4
Added Net: Name=+3V
Added Member To Class: ClassName=Sheet2 Member=Component jump1 Header 2H
Added Member To Class: ClassName=Sheet2 Member=Component jump2 Header 2H
Added Member To Class: ClassName=Sheet2 Member=Component U2 LM317
Added Room: Name=Sheet1
Added Room: Name=Sheet2
Added Room: Name=Sheet3
