Removed Pin From Net: NetName=+5V Pin=+1-1
Removed Pin From Net: NetName=+3V Pin=+2-1
Removed Pin From Net: NetName=GND Pin=-1-1
Removed Member From Class: ClassName=Sheet2 Member=+1
Removed Member From Class: ClassName=Sheet2 Member=+2
Removed Member From Class: ClassName=Sheet2 Member=-1
Added Component: Designator=D10(LED SMD 0805)
Add component. Clean all parameters for all variants
Added Component: Designator=D11(LED SMD 0805)
Add component. Clean all parameters for all variants
Added Component: Designator=D12(LED SMD 0805)
Add component. Clean all parameters for all variants
Added Pin To Net: NetName=GND Pin=D10-1
Added Pin To Net: NetName=+5V Pin=D11-1
Added Pin To Net: NetName=+3V Pin=D12-1
Added Pin To Net: NetName=NetD10_2 Pin=D10-2
Added Pin To Net: NetName=NetD10_2 Pin=R9-1
Added Net: Name=NetD10_2
Added Pin To Net: NetName=NetD11_2 Pin=D11-2
Added Pin To Net: NetName=NetD11_2 Pin=R11-1
Added Net: Name=NetD11_2
Added Pin To Net: NetName=NetD12_2 Pin=D12-2
Added Pin To Net: NetName=NetD12_2 Pin=R13-1
Added Net: Name=NetD12_2
Added Member To Class: ClassName=Sheet2 Member=Component D10 LED
Added Member To Class: ClassName=Sheet2 Member=Component D11 LED
Added Member To Class: ClassName=Sheet2 Member=Component D12 LED
Added Room: Name=Sheet1
Added Room: Name=Sheet2
Added Room: Name=Sheet3
