Removed Pin From Net: NetName=PA3 Pin=IC5-1
Removed Pin From Net: NetName=NetIC5_2 Pin=IC5-2
Removed Pin From Net: NetName=NetIC5_3 Pin=IC5-3
Removed Pin From Net: NetName=GND Pin=IC5-4
Removed Pin From Net: NetName=+5V Pin=IC5-8
Change Component Designator: OldDesignator=IC6 NewDesignator=IC5
Added Pin To Net: NetName=PA3 Pin=IC5-1
Added Pin To Net: NetName=NetIC5_2 Pin=IC5-2
Added Pin To Net: NetName=NetIC5_3 Pin=IC5-3
Added Pin To Net: NetName=GND Pin=IC5-4
Added Pin To Net: NetName=+5V Pin=IC5-8
Added Pin To Net: NetName=NetIC5_5 Pin=IC5-5
Added Pin To Net: NetName=NetIC5_5 Pin=R32-2
Added Pin To Net: NetName=NetIC5_5 Pin=R34-2
Added Net: Name=NetIC5_5
Added Pin To Net: NetName=NetIC5_6 Pin=IC5-6
Added Pin To Net: NetName=NetIC5_6 Pin=R37-2
Added Pin To Net: NetName=NetIC5_6 Pin=R38-1
Added Net: Name=NetIC5_6
Added Room: Name=Sheet1
Added Room: Name=Sheet2
Added Room: Name=Sheet3
