Removed Pin From Net: NetName=+5V Pin=D1-2
Change Component Footprint: Designator=D1 Old Footprint=SMC New Footprint=DIODE SMA
Change Component Footprint: Designator=D2 Old Footprint=SMC New Footprint=DIODE SMA
Change Component Footprint: Designator=D3 Old Footprint=SMC New Footprint=DIODE SMA
Change Component Footprint: Designator=D4 Old Footprint=SMC New Footprint=DIODE SMA
Change Component Footprint: Designator=D5 Old Footprint=SMC New Footprint=DIODE SMA
Change Component Footprint: Designator=D6 Old Footprint=SMC New Footprint=DIODE SMA
Change Component Footprint: Designator=D7 Old Footprint=SMC New Footprint=DIODE SMA
Change Component Footprint: Designator=D8 Old Footprint=SMC New Footprint=DIODE SMA
Change component parameters: Designator = "D1"; Footprint = "DIODE SMA"; UniqueID = "\WDBIFDMN"
Change component parameters. Clean all parameters for all variants
Change component parameters: Designator = "D2"; Footprint = "DIODE SMA"; UniqueID = "\BNCSHEUR"
Change component parameters. Clean all parameters for all variants
Change component parameters: Designator = "D3"; Footprint = "DIODE SMA"; UniqueID = "\APYGTPME"
Change component parameters. Clean all parameters for all variants
Change component parameters: Designator = "D4"; Footprint = "DIODE SMA"; UniqueID = "\NRSGQOTX"
Change component parameters. Clean all parameters for all variants
Change component parameters: Designator = "D5"; Footprint = "DIODE SMA"; UniqueID = "\CFQFQCQS"
Change component parameters. Clean all parameters for all variants
Change component parameters: Designator = "D6"; Footprint = "DIODE SMA"; UniqueID = "\RQQSTIOG"
Change component parameters. Clean all parameters for all variants
Change component parameters: Designator = "D7"; Footprint = "DIODE SMA"; UniqueID = "\YRCMAUJH"
Change component parameters. Clean all parameters for all variants
Change component parameters: Designator = "D8"; Footprint = "DIODE SMA"; UniqueID = "\QIGJRNQD"
Change component parameters. Clean all parameters for all variants
Added Pin To Net: NetName=NetP1_2 Pin=P1-2
Added Pin To Net: NetName=NetP1_2 Pin=Q1-2
Added Net: Name=NetP1_2
Added Room: Name=Sheet1
Added Room: Name=Sheet2
Added Room: Name=Sheet3
