Removed Pin From Net: NetName=PB0 Pin=IC1-1
Removed Pin From Net: NetName=NetC51_1 Pin=IC1-3
Removed Pin From Net: NetName=NetC52_1 Pin=IC1-5
Removed Pin From Net: NetName=PA7 Pin=IC1-7
Removed Pin From Net: NetName=V2 Pin=IC2-1
Removed Pin From Net: NetName=NetC24_2 Pin=IC2-3
Removed Pin From Net: NetName=NetC26_2 Pin=IC2-5
Removed Pin From Net: NetName=V1 Pin=IC2-7
Removed Pin From Net: NetName=PA4 Pin=IC3-1
Removed Pin From Net: NetName=PA3 Pin=IC3-7
Removed Pin From Net: NetName=PB1 Pin=IC4-1
Removed Pin From Net: NetName=NetC63_1 Pin=IC4-3
Removed Pin From Net: NetName=NetC64_1 Pin=IC4-5
Removed Pin From Net: NetName=PC0 Pin=IC4-7
Removed Pin From Net: NetName=V3 Pin=IC5-1
Removed Pin From Net: NetName=NetC58_2 Pin=IC5-3
Removed Pin From Net: NetName=NetC60_2 Pin=IC5-5
Removed Pin From Net: NetName=V4 Pin=IC5-7
Removed Pin From Net: NetName=PA6 Pin=IC6-1
Removed Pin From Net: NetName=PA5 Pin=IC6-7
Removed Pin From Net: NetName=NetIC1_2 Pin=R24-2
Removed Pin From Net: NetName=NetIC1_2 Pin=R25-1
Removed Pin From Net: NetName=NetIC2_2 Pin=R26-2
Removed Pin From Net: NetName=NetIC2_2 Pin=R27-1
Removed Pin From Net: NetName=NetIC1_6 Pin=R28-2
Removed Pin From Net: NetName=NetIC1_6 Pin=R29-1
Removed Pin From Net: NetName=NetIC2_6 Pin=R30-2
Removed Pin From Net: NetName=NetIC2_6 Pin=R31-1
Removed Pin From Net: NetName=NetIC3_2 Pin=R37-2
Removed Pin From Net: NetName=NetIC3_2 Pin=R38-1
Removed Pin From Net: NetName=NetIC3_6 Pin=R39-2
Removed Pin From Net: NetName=NetIC3_6 Pin=R46-1
Removed Pin From Net: NetName=NetIC4_2 Pin=R55-2
Removed Pin From Net: NetName=NetIC4_2 Pin=R56-1
Removed Pin From Net: NetName=NetIC5_2 Pin=R57-2
Removed Pin From Net: NetName=NetIC5_2 Pin=R58-1
Removed Pin From Net: NetName=NetIC4_6 Pin=R59-2
Removed Pin From Net: NetName=NetIC4_6 Pin=R60-1
Removed Pin From Net: NetName=NetIC5_6 Pin=R61-2
Removed Pin From Net: NetName=NetIC5_6 Pin=R62-1
Removed Pin From Net: NetName=NetIC6_5 Pin=R63-2
Removed Pin From Net: NetName=NetIC6_3 Pin=R64-2
Removed Pin From Net: NetName=NetIC6_5 Pin=R65-2
Removed Pin From Net: NetName=NetIC6_3 Pin=R66-2
Removed Pin From Net: NetName=NetIC6_6 Pin=R67-2
Removed Pin From Net: NetName=NetIC6_6 Pin=R68-1
Removed Pin From Net: NetName=NetIC6_2 Pin=R69-2
Removed Pin From Net: NetName=NetIC6_2 Pin=R70-1
Added Pin To Net: NetName=PA7 Pin=IC1-1
Added Pin To Net: NetName=NetC52_1 Pin=IC1-3
Added Pin To Net: NetName=NetC26_2 Pin=IC1-5
Added Pin To Net: NetName=V1 Pin=IC1-7
Added Pin To Net: NetName=PB0 Pin=IC2-1
Added Pin To Net: NetName=NetC51_1 Pin=IC2-3
Added Pin To Net: NetName=-5V Pin=IC2-4
Added Pin To Net: NetName=NetC24_2 Pin=IC2-5
Added Pin To Net: NetName=V2 Pin=IC2-7
Added Pin To Net: NetName=+5V Pin=IC2-8
Added Pin To Net: NetName=PB1 Pin=IC3-1
Added Pin To Net: NetName=NetC63_1 Pin=IC3-3
Added Pin To Net: NetName=-5V Pin=IC3-4
Added Pin To Net: NetName=NetC58_2 Pin=IC3-5
Added Pin To Net: NetName=V3 Pin=IC3-7
Added Pin To Net: NetName=+5V Pin=IC3-8
Added Pin To Net: NetName=PC0 Pin=IC4-1
Added Pin To Net: NetName=NetC64_1 Pin=IC4-3
Added Pin To Net: NetName=NetC60_2 Pin=IC4-5
Added Pin To Net: NetName=V4 Pin=IC4-7
Added Pin To Net: NetName=PA3 Pin=IC5-1
Added Pin To Net: NetName=GND Pin=IC5-4
Added Pin To Net: NetName=PA4 Pin=IC5-7
Added Pin To Net: NetName=+5V Pin=IC5-8
Added Pin To Net: NetName=PA5 Pin=IC6-1
Added Pin To Net: NetName=GND Pin=IC6-4
Added Pin To Net: NetName=PA6 Pin=IC6-7
Added Pin To Net: NetName=+5V Pin=IC6-8
Added Pin To Net: NetName=NetIC2_2 Pin=R24-2
Added Pin To Net: NetName=NetIC2_2 Pin=R25-1
Added Pin To Net: NetName=NetIC2_6 Pin=R26-2
Added Pin To Net: NetName=NetIC2_6 Pin=R27-1
Added Pin To Net: NetName=NetIC1_2 Pin=R28-2
Added Pin To Net: NetName=NetIC1_2 Pin=R29-1
Added Pin To Net: NetName=NetIC1_6 Pin=R30-2
Added Pin To Net: NetName=NetIC1_6 Pin=R31-1
Added Pin To Net: NetName=V_adder Pin=R34-1
Added Pin To Net: NetName=NetIC5_6 Pin=R37-2
Added Pin To Net: NetName=NetIC5_6 Pin=R38-1
Added Pin To Net: NetName=NetIC5_2 Pin=R39-2
Added Pin To Net: NetName=NetIC5_2 Pin=R46-1
Added Pin To Net: NetName=NetIC3_2 Pin=R55-2
Added Pin To Net: NetName=NetIC3_2 Pin=R56-1
Added Pin To Net: NetName=NetIC3_6 Pin=R57-2
Added Pin To Net: NetName=NetIC3_6 Pin=R58-1
Added Pin To Net: NetName=NetIC4_2 Pin=R59-2
Added Pin To Net: NetName=NetIC4_2 Pin=R60-1
Added Pin To Net: NetName=NetIC4_6 Pin=R61-2
Added Pin To Net: NetName=NetIC4_6 Pin=R62-1
Added Pin To Net: NetName=NetIC6_3 Pin=R63-2
Added Pin To Net: NetName=NetIC6_5 Pin=R64-2
Added Pin To Net: NetName=V_adder Pin=R65-1
Added Pin To Net: NetName=NetIC6_3 Pin=R65-2
Added Pin To Net: NetName=V_adder Pin=R66-1
Added Pin To Net: NetName=NetIC6_5 Pin=R66-2
Added Pin To Net: NetName=NetIC6_2 Pin=R67-2
Added Pin To Net: NetName=NetIC6_2 Pin=R68-1
Added Pin To Net: NetName=NetIC6_6 Pin=R69-2
Added Pin To Net: NetName=NetIC6_6 Pin=R70-1
Added Pin To Net: NetName=NetIC5_3 Pin=IC5-3
Added Pin To Net: NetName=NetIC5_3 Pin=R33-2
Added Pin To Net: NetName=NetIC5_3 Pin=R36-2
Added Net: Name=NetIC5_3
Added Pin To Net: NetName=NetIC5_5 Pin=IC5-5
Added Pin To Net: NetName=NetIC5_5 Pin=R32-2
Added Pin To Net: NetName=NetIC5_5 Pin=R34-2
Added Net: Name=NetIC5_5
Added Room: Name=Sheet1
Added Room: Name=Sheet2
Added Room: Name=Sheet3
