Change Component Designator: Old Designator=104 New Designator=1
Change Component Designator: Old Designator=104 New Designator=2
Change Component Designator: Old Designator=104 New Designator=3
Change Component Designator: Old Designator=104 New Designator=4
Change Component Designator: Old Designator=104 New Designator=5
Change Component Designator: Old Designator=104 New Designator=7
Change Component Designator: Old Designator=104 New Designator=8
Change Component Designator: Old Designator=104 New Designator=9
Change Component Designator: Old Designator=104 New Designator=10
Change Component Designator: Old Designator=? New Designator=6
Change Component Designator: Old Designator=BT? New Designator=BT2
Change Component Designator: Old Designator=C4 New Designator=C5
Change Component Designator: Old Designator=C5 New Designator=C4
Change Component Designator: Old Designator=C? New Designator=C8
Change Component Designator: Old Designator=D4 New Designator=D5
Change Component Designator: Old Designator=D? New Designator=D4
Change Component Designator: Old Designator=JACK? New Designator=JACK1
Change Component Designator: Old Designator=P2 New Designator=P7
Change Component Designator: Old Designator=P3 New Designator=P9
Change Component Designator: Old Designator=P? New Designator=P1
Change Component Designator: Old Designator=P? New Designator=P2
Change Component Designator: Old Designator=P? New Designator=P3
Change Component Designator: Old Designator=P? New Designator=P4
Change Component Designator: Old Designator=P? New Designator=P5
Change Component Designator: Old Designator=P? New Designator=P6
Change Component Designator: Old Designator=P? New Designator=P8
Change Component Designator: Old Designator=Q? New Designator=Q3
Change Component Designator: Old Designator=R18 New Designator=R19
Change Component Designator: Old Designator=R? New Designator=R18
Change Component Designator: Old Designator=R? New Designator=R20
