Removed Pin From Net: NetName=NetC1_1 Pin=C1-1
Removed Pin From Net: NetName=NetC4_1 Pin=C4-1
Removed Pin From Net: NetName=-5V Pin=R2-1
Removed Pin From Net: NetName=GND Pin=R4-1
Change Component Footprint: Designator=U1 Old Footprint=VREG_LM5017MR/NOPB New Footprint=CONV_TPS5430DDAR
Change Component Footprint: Designator=U Old Footprint=VREG_LM5017MR/NOPB New Footprint=CONV_TPS5430DDAR
Change Component Comment : Designator=R2 Old Comment=3.24k New Comment=3k
Change Component Comment : Designator=R4 Old Comment=3.24k New Comment=3k
Change Component Comment : Designator=U1 Old Comment=TPS5430DDA New Comment=TPS5430DDAR
Change Component Comment : Designator=U Old Comment=TPS5430DDA New Comment=TPS5430DDAR
Change Component Designator: OldDesignator=U NewDesignator=U2
Change component parameters: Designator = "U1"; Footprint = "CONV_TPS5430DDAR"; UniqueID = "\YMBMIHYK"
Change component parameters. Clean all parameters for all variants
Change component parameters (AddParameter): Name = "Arrow_Electronics-Purchase-URL"; Value = "https://snapeda.com/shop?store=Arrow+Electronics&id=423058"; VariantName = "[No Variations]"
Change component parameters (AddParameter): Name = "Digi-Key_Part_Number"; Value = "296-26988-1-ND"; VariantName = "[No Variations]"
Change component parameters (AddParameter): Name = "DigiKey-Purchase-URL"; Value = "https://snapeda.com/shop?store=DigiKey&id=423058"; VariantName = "[No Variations]"
Change component parameters (AddParameter): Name = "MF"; Value = "Texas Instruments"; VariantName = "[No Variations]"
Change component parameters (AddParameter): Name = "Mouser-Purchase-URL"; Value = "https://snapeda.com/shop?store=Mouser&id=423058"; VariantName = "[No Variations]"
Change component parameters (AddParameter): Name = "MP"; Value = "TPS5430DDAR"; VariantName = "[No Variations]"
Change component parameters (AddParameter): Name = "Package"; Value = "HSOIC-8 Texas Instruments"; VariantName = "[No Variations]"
Change component parameters (AddParameter): Name = "SnapEDA_Link"; Value = "https://www.snapeda.com/parts/TPS5430DDAR/Texas%20Instruments/view-part/423058/?ref=snap"; VariantName = "[No Variations]"
Change component parameters (AddParameter): Name = "Texas_Instruments-Purchase-URL"; Value = "https://snapeda.com/shop?store=Texas+Instruments&id=423058"; VariantName = "[No Variations]"
Change component parameters (AddParameter): Name = "Value"; Value = ""; VariantName = "[No Variations]"
Added Component: Designator=R8(0805 RESISTOR)
Add component. Clean all parameters for all variants
Add component (AddParameter): Name = "Value"; Value = "R1/4W - 1K"; VariantName = "[No Variations]"
Added Component: Designator=R9(0805 RESISTOR)
Add component. Clean all parameters for all variants
Add component (AddParameter): Name = "Value"; Value = "R1/4W - 1K"; VariantName = "[No Variations]"
Added Pin To Net: NetName=NetC1_1 Pin=C1-2
Added Pin To Net: NetName=NetC4_1 Pin=C4-2
Added Pin To Net: NetName=GND Pin=R8-1
Added Pin To Net: NetName=-5V Pin=R9-1
Change Net Name : Old Net Name=NetC1_1 New Net Name=NetC1_2
Change Net Name : Old Net Name=NetC4_1 New Net Name=NetC4_2
Added Pin To Net: NetName=NetC1_1 Pin=C1-1
Added Pin To Net: NetName=NetC1_1 Pin=U1-1
Added Net: Name=NetC1_1
Added Pin To Net: NetName=NetC4_1 Pin=C4-1
Added Pin To Net: NetName=NetC4_1 Pin=U2-1
Added Net: Name=NetC4_1
Added Pin To Net: NetName=NetR2_1 Pin=R2-1
Added Pin To Net: NetName=NetR2_1 Pin=R9-2
Added Net: Name=NetR2_1
Added Pin To Net: NetName=NetR4_1 Pin=R4-1
Added Pin To Net: NetName=NetR4_1 Pin=R8-2
Added Net: Name=NetR4_1
Added Member To Class: ClassName=Sheet4 Member=Component R8 240
Added Member To Class: ClassName=Sheet4 Member=Component R9 240
Added Member To Class: ClassName=Sheet4 Member=Component U1 TPS5430DDAR
Added Member To Class: ClassName=Sheet4 Member=Component U2 TPS5430DDAR
Added Room: Name=Sheet4
