Change Component Footprint: Designator=D1 Old Footprint=DIODE-0.4 New Footprint=DIODE-0.7
Change Component Footprint: Designator=D2 Old Footprint=DIODE-0.4 New Footprint=DIODE-0.7
Added Component: Designator=D4(LED SMD 0805)
Add component. Clean all parameters for all variants
Added Component: Designator=D5(LED SMD 0805)
Add component. Clean all parameters for all variants
Added Component: Designator=R6(0805 RESISTOR)
Add component. Clean all parameters for all variants
Add component (AddParameter): Name = "Value"; Value = "R1/4W - 1K"; VariantName = "[No Variations]"
Added Component: Designator=R7(0805 RESISTOR)
Add component. Clean all parameters for all variants
Add component (AddParameter): Name = "Value"; Value = "R1/4W - 1K"; VariantName = "[No Variations]"
Added Pin To Net: NetName=GND Pin=D4-1
Added Pin To Net: NetName=+5V Pin=D5-1
Added Pin To Net: NetName=-5V Pin=R6-2
Added Pin To Net: NetName=GND Pin=R7-2
Added Pin To Net: NetName=NetD4_2 Pin=D4-2
Added Pin To Net: NetName=NetD4_2 Pin=R6-1
Added Net: Name=NetD4_2
Added Pin To Net: NetName=NetD5_2 Pin=D5-2
Added Pin To Net: NetName=NetD5_2 Pin=R7-1
Added Net: Name=NetD5_2
Added Member To Class: ClassName=Sheet4 Member=Component D4 LED
Added Member To Class: ClassName=Sheet4 Member=Component D5 LED
Added Member To Class: ClassName=Sheet4 Member=Component R6 10k
Added Member To Class: ClassName=Sheet4 Member=Component R7 10k
Added Room: Name=Sheet4
