Removed Pin From Net: NetName=NetC1_1 Pin=L1-1
Removed Pin From Net: NetName=+5V Pin=L1-2
Removed Pin From Net: NetName=NetC4_1 Pin=L2-1
Removed Pin From Net: NetName=GND Pin=L2-2
Change Component Footprint: Designator=L1 Old Footprint=DIODE_SMC New Footprint=IND_CDRH127/LDNP-470MC_SUM
Change Component Footprint: Designator=L2 Old Footprint=DIODE_SMC New Footprint=IND_CDRH127/LDNP-470MC_SUM
Change Component Comment : Designator=L1 Old Comment= New Comment=15uH CDRH127
Change Component Comment : Designator=L2 Old Comment= New Comment=15uH CDRH127
Change Component Comment : Designator=D1 Old Comment=B340A New Comment=SR5100
Change Component Comment : Designator=D2 Old Comment=B340A New Comment=SR5100
Change component parameters: Designator = "L1"; Footprint = "IND_CDRH127/LDNP-470MC_SUM"; UniqueID = "\CFESJJTV"
Change component parameters. Clean all parameters for all variants
Change component parameters (AddParameter): Name = "Check_prices"; Value = "https://www.snapeda.com/parts/CDRH127/LDNP-470MC/Sumida%20America%20Components%20Inc./view-part/547921/?ref=eda"; VariantName = "[No Variations]"
Change component parameters (AddParameter): Name = "Digi-Key_Part_Number"; Value = "308-1339-1-ND"; VariantName = "[No Variations]"
Change component parameters (AddParameter): Name = "MF"; Value = "Sumida America"; VariantName = "[No Variations]"
Change component parameters (AddParameter): Name = "MP"; Value = "CDRH127/LDNP-470MC"; VariantName = "[No Variations]"
Change component parameters (AddParameter): Name = "Package"; Value = "Nonstandard Sumida"; VariantName = "[No Variations]"
Change component parameters (AddParameter): Name = "Purchase-URL"; Value = "https://pricing.snapeda.com/search/part/CDRH127/LDNP-470MC/?ref=eda"; VariantName = "[No Variations]"
Change component parameters (AddParameter): Name = "SnapEDA_Link"; Value = "https://www.snapeda.com/parts/CDRH127/LDNP-470MC/Sumida%20America%20Components%20Inc./view-part/547921/?ref=snap"; VariantName = "[No Variations]"
Change component parameters (AddParameter): Name = "Value"; Value = ""; VariantName = "[No Variations]"
Change component parameters: Designator = "L2"; Footprint = "IND_CDRH127/LDNP-470MC_SUM"; UniqueID = "\TTUDLKDC"
Change component parameters. Clean all parameters for all variants
Change component parameters (AddParameter): Name = "Check_prices"; Value = "https://www.snapeda.com/parts/CDRH127/LDNP-470MC/Sumida%20America%20Components%20Inc./view-part/547921/?ref=eda"; VariantName = "[No Variations]"
Change component parameters (AddParameter): Name = "Digi-Key_Part_Number"; Value = "308-1339-1-ND"; VariantName = "[No Variations]"
Change component parameters (AddParameter): Name = "MF"; Value = "Sumida America"; VariantName = "[No Variations]"
Change component parameters (AddParameter): Name = "MP"; Value = "CDRH127/LDNP-470MC"; VariantName = "[No Variations]"
Change component parameters (AddParameter): Name = "Package"; Value = "Nonstandard Sumida"; VariantName = "[No Variations]"
Change component parameters (AddParameter): Name = "Purchase-URL"; Value = "https://pricing.snapeda.com/search/part/CDRH127/LDNP-470MC/?ref=eda"; VariantName = "[No Variations]"
Change component parameters (AddParameter): Name = "SnapEDA_Link"; Value = "https://www.snapeda.com/parts/CDRH127/LDNP-470MC/Sumida%20America%20Components%20Inc./view-part/547921/?ref=snap"; VariantName = "[No Variations]"
Change component parameters (AddParameter): Name = "Value"; Value = ""; VariantName = "[No Variations]"
Added Pin To Net: NetName=+5V Pin=L1-1
Added Pin To Net: NetName=NetC1_1 Pin=L1-2
Added Pin To Net: NetName=GND Pin=L2-1
Added Pin To Net: NetName=NetC4_1 Pin=L2-2
Added Room: Name=Sheet4
