Removed Pin From Net: NetName=GND Pin=+5V IC-6
Removed Pin From Net: NetName=+9V Pin=+5V IC-7
Removed Pin From Net: NetName=Net+5V IC_8 Pin=+5V IC-8
Removed Pin From Net: NetName=GND Pin=+5V IC-9
Removed Pin From Net: NetName=-5V Pin=-5V IC-6
Removed Pin From Net: NetName=+9V Pin=-5V IC-7
Removed Pin From Net: NetName=Net-5V IC_8 Pin=-5V IC-8
Removed Pin From Net: NetName=-5V Pin=-5V IC-9
Removed Member From Class: ClassName=Sheet4 Member=+5V IC
Removed Member From Class: ClassName=Sheet4 Member=-5V IC
Change Net Name : Old Net Name=Net+5V IC_8 New Net Name=NetC1_2
Change Net Name : Old Net Name=Net-5V IC_8 New Net Name=NetC4_2
Added Pin To Net: NetName=NetC1_1 Pin=C1-1
Added Net: Name=NetC1_1
Added Pin To Net: NetName=NetC4_1 Pin=C4-1
Added Net: Name=NetC4_1
Added Pin To Net: NetName=NetR1_1 Pin=R1-1
Added Pin To Net: NetName=NetR1_1 Pin=R2-2
Added Net: Name=NetR1_1
Added Pin To Net: NetName=NetR3_1 Pin=R3-1
Added Pin To Net: NetName=NetR3_1 Pin=R4-2
Added Net: Name=NetR3_1
Added Room: Name=Sheet4
