Removed Pin From Net: NetName=GND Pin=U1-6
Removed Pin From Net: NetName=+9V Pin=U1-7
Removed Pin From Net: NetName=NetC1_2 Pin=U1-8
Removed Pin From Net: NetName=GND Pin=U1-9
Removed Pin From Net: NetName=-5V Pin=U2-6
Removed Pin From Net: NetName=+9V Pin=U2-7
Removed Pin From Net: NetName=NetC4_2 Pin=U2-8
Removed Pin From Net: NetName=-5V Pin=U2-9
Added Component: Designator=+5V IC(CONV_TPS5430DDAR)
Add component. Clean all parameters for all variants
Add component (AddParameter): Name = "Arrow_Electronics-Purchase-URL"; Value = "https://snapeda.com/shop?store=Arrow+Electronics&id=423058"; VariantName = "[No Variations]"
Add component (AddParameter): Name = "Digi-Key_Part_Number"; Value = "296-26988-1-ND"; VariantName = "[No Variations]"
Add component (AddParameter): Name = "DigiKey-Purchase-URL"; Value = "https://snapeda.com/shop?store=DigiKey&id=423058"; VariantName = "[No Variations]"
Add component (AddParameter): Name = "MF"; Value = "Texas Instruments"; VariantName = "[No Variations]"
Add component (AddParameter): Name = "Mouser-Purchase-URL"; Value = "https://snapeda.com/shop?store=Mouser&id=423058"; VariantName = "[No Variations]"
Add component (AddParameter): Name = "MP"; Value = "TPS5430DDAR"; VariantName = "[No Variations]"
Add component (AddParameter): Name = "Package"; Value = "HSOIC-8 Texas Instruments"; VariantName = "[No Variations]"
Add component (AddParameter): Name = "SnapEDA_Link"; Value = "https://www.snapeda.com/parts/TPS5430DDAR/Texas%20Instruments/view-part/423058/?ref=snap"; VariantName = "[No Variations]"
Add component (AddParameter): Name = "Texas_Instruments-Purchase-URL"; Value = "https://snapeda.com/shop?store=Texas+Instruments&id=423058"; VariantName = "[No Variations]"
Add component (AddParameter): Name = "Value"; Value = ""; VariantName = "[No Variations]"
Added Component: Designator=-5V IC(CONV_TPS5430DDAR)
Add component. Clean all parameters for all variants
Add component (AddParameter): Name = "Arrow_Electronics-Purchase-URL"; Value = "https://snapeda.com/shop?store=Arrow+Electronics&id=423058"; VariantName = "[No Variations]"
Add component (AddParameter): Name = "Digi-Key_Part_Number"; Value = "296-26988-1-ND"; VariantName = "[No Variations]"
Add component (AddParameter): Name = "DigiKey-Purchase-URL"; Value = "https://snapeda.com/shop?store=DigiKey&id=423058"; VariantName = "[No Variations]"
Add component (AddParameter): Name = "MF"; Value = "Texas Instruments"; VariantName = "[No Variations]"
Add component (AddParameter): Name = "Mouser-Purchase-URL"; Value = "https://snapeda.com/shop?store=Mouser&id=423058"; VariantName = "[No Variations]"
Add component (AddParameter): Name = "MP"; Value = "TPS5430DDAR"; VariantName = "[No Variations]"
Add component (AddParameter): Name = "Package"; Value = "HSOIC-8 Texas Instruments"; VariantName = "[No Variations]"
Add component (AddParameter): Name = "SnapEDA_Link"; Value = "https://www.snapeda.com/parts/TPS5430DDAR/Texas%20Instruments/view-part/423058/?ref=snap"; VariantName = "[No Variations]"
Add component (AddParameter): Name = "Texas_Instruments-Purchase-URL"; Value = "https://snapeda.com/shop?store=Texas+Instruments&id=423058"; VariantName = "[No Variations]"
Add component (AddParameter): Name = "Value"; Value = ""; VariantName = "[No Variations]"
Added Pin To Net: NetName=GND Pin=+5V IC-6
Added Pin To Net: NetName=+9V Pin=+5V IC-7
Added Pin To Net: NetName=NetC1_2 Pin=+5V IC-8
Added Pin To Net: NetName=GND Pin=+5V IC-9
Added Pin To Net: NetName=-5V Pin=-5V IC-6
Added Pin To Net: NetName=+9V Pin=-5V IC-7
Added Pin To Net: NetName=NetC4_2 Pin=-5V IC-8
Added Pin To Net: NetName=-5V Pin=-5V IC-9
Change Net Name : Old Net Name=NetC1_2 New Net Name=Net+5V IC_8
Change Net Name : Old Net Name=NetC4_2 New Net Name=Net-5V IC_8
Added Pin To Net: NetName=Net+5V IC_1 Pin=+5V IC-1
Added Pin To Net: NetName=Net+5V IC_1 Pin=C1-1
Added Net: Name=Net+5V IC_1
Added Pin To Net: NetName=Net+5V IC_4 Pin=+5V IC-4
Added Pin To Net: NetName=Net+5V IC_4 Pin=R3-1
Added Pin To Net: NetName=Net+5V IC_4 Pin=R4-2
Added Net: Name=Net+5V IC_4
Added Pin To Net: NetName=Net-5V IC_1 Pin=-5V IC-1
Added Pin To Net: NetName=Net-5V IC_1 Pin=C4-1
Added Net: Name=Net-5V IC_1
Added Pin To Net: NetName=Net-5V IC_4 Pin=-5V IC-4
Added Pin To Net: NetName=Net-5V IC_4 Pin=R1-1
Added Pin To Net: NetName=Net-5V IC_4 Pin=R2-2
Added Net: Name=Net-5V IC_4
Added Member To Class: ClassName=Sheet4 Member=Component +5V IC TPS5430DDAR
Added Member To Class: ClassName=Sheet4 Member=Component -5V IC TPS5430DDAR
Added Room: Name=Sheet4
