Added Component: Designator=U2(CONV_TPS5430DDAR)
Add component. Clean all parameters for all variants
Add component (AddParameter): Name = "Arrow_Electronics-Purchase-URL"; Value = "https://snapeda.com/shop?store=Arrow+Electronics&id=423058"; VariantName = "[No Variations]"
Add component (AddParameter): Name = "Digi-Key_Part_Number"; Value = "296-26988-1-ND"; VariantName = "[No Variations]"
Add component (AddParameter): Name = "DigiKey-Purchase-URL"; Value = "https://snapeda.com/shop?store=DigiKey&id=423058"; VariantName = "[No Variations]"
Add component (AddParameter): Name = "MF"; Value = "Texas Instruments"; VariantName = "[No Variations]"
Add component (AddParameter): Name = "Mouser-Purchase-URL"; Value = "https://snapeda.com/shop?store=Mouser&id=423058"; VariantName = "[No Variations]"
Add component (AddParameter): Name = "MP"; Value = "TPS5430DDAR"; VariantName = "[No Variations]"
Add component (AddParameter): Name = "Package"; Value = "HSOIC-8 Texas Instruments"; VariantName = "[No Variations]"
Add component (AddParameter): Name = "SnapEDA_Link"; Value = "https://www.snapeda.com/parts/TPS5430DDAR/Texas%20Instruments/view-part/423058/?ref=snap"; VariantName = "[No Variations]"
Add component (AddParameter): Name = "Texas_Instruments-Purchase-URL"; Value = "https://snapeda.com/shop?store=Texas+Instruments&id=423058"; VariantName = "[No Variations]"
Add component (AddParameter): Name = "Value"; Value = ""; VariantName = "[No Variations]"
Added Pin To Net: NetName=NetC4_1 Pin=U2-1
Added Pin To Net: NetName=NetR1_1 Pin=U2-4
Added Pin To Net: NetName=-5V Pin=U2-6
Added Pin To Net: NetName=Vin Pin=U2-7
Added Pin To Net: NetName=NetC4_2 Pin=U2-8
Added Pin To Net: NetName=-5V Pin=U2-9
Added Pin To Net: NetName=-5V Pin=U2-9
Added Pin To Net: NetName=-5V Pin=U2-9
Added Pin To Net: NetName=-5V Pin=U2-9
Added Pin To Net: NetName=-5V Pin=U2-9
Added Pin To Net: NetName=-5V Pin=U2-9
Added Pin To Net: NetName=-5V Pin=U2-9
Added Pin To Net: NetName=-5V Pin=U2-9
Added Pin To Net: NetName=-5V Pin=U2-9
Added Member To Class: ClassName=Sheet4 Member=Component U2 TPS5430DDAR
Added Room: Name=Sheet4
